ERROR - 2023-08-07 20:01:54 --> Error connecting to the database: Access denied for user '****'@'localhost' (using password: YES)
CRITICAL - 2023-08-07 20:01:54 --> Unable to connect to the database.
Main connection [MySQLi]: Access denied for user '****'@'localhost' (using password: YES)
#0 /home/botxdonl/public_html/vendor/codeigniter4/framework/system/Database/BaseConnection.php(577): CodeIgniter\Database\BaseConnection->initialize()
#1 /home/botxdonl/public_html/vendor/codeigniter4/framework/system/Database/BaseBuilder.php(1443): CodeIgniter\Database\BaseConnection->query('SELECT 1\nFROM `...', Array, false)
#2 /home/botxdonl/public_html/vendor/codeigniter4/framework/system/Validation/Rules.php(116): CodeIgniter\Database\BaseBuilder->get()
#3 /home/botxdonl/public_html/vendor/codeigniter4/framework/system/Validation/Validation.php(277): CodeIgniter\Validation\Rules->is_not_unique('cheatbot', 'username', Array, NULL)
#4 /home/botxdonl/public_html/vendor/codeigniter4/framework/system/Validation/Validation.php(151): CodeIgniter\Validation\Validation->processRules('username', 'username', 'cheatbot', Array, Array)
#5 /home/botxdonl/public_html/vendor/codeigniter4/framework/system/Controller.php(160): CodeIgniter\Validation\Validation->run()
#6 /home/botxdonl/public_html/app/Controllers/Auth.php(104): CodeIgniter\Controller->validate(Array)
#7 /home/botxdonl/public_html/app/Controllers/Auth.php(51): App\Controllers\Auth->login_action()
#8 /home/botxdonl/public_html/vendor/codeigniter4/framework/system/CodeIgniter.php(824): App\Controllers\Auth->login()
#9 /home/botxdonl/public_html/vendor/codeigniter4/framework/system/CodeIgniter.php(410): CodeIgniter\CodeIgniter->runController(Object(App\Controllers\Auth))
#10 /home/botxdonl/public_html/vendor/codeigniter4/framework/system/CodeIgniter.php(318): CodeIgniter\CodeIgniter->handleRequest(NULL, Object(Config\Cache), false)
#11 /home/botxdonl/public_html/index.php(37): CodeIgniter\CodeIgniter->run()
#12 {main}
ERROR - 2023-08-07 20:02:37 --> Error connecting to the database: Access denied for user '****'@'localhost' (using password: YES)
CRITICAL - 2023-08-07 20:02:37 --> Unable to connect to the database.
Main connection [MySQLi]: Access denied for user '****'@'localhost' (using password: YES)
#0 /home/botxdonl/public_html/vendor/codeigniter4/framework/system/Database/BaseConnection.php(577): CodeIgniter\Database\BaseConnection->initialize()
#1 /home/botxdonl/public_html/vendor/codeigniter4/framework/system/Database/BaseBuilder.php(1443): CodeIgniter\Database\BaseConnection->query('SELECT 1\nFROM `...', Array, false)
#2 /home/botxdonl/public_html/vendor/codeigniter4/framework/system/Validation/Rules.php(116): CodeIgniter\Database\BaseBuilder->get()
#3 /home/botxdonl/public_html/vendor/codeigniter4/framework/system/Validation/Validation.php(277): CodeIgniter\Validation\Rules->is_not_unique('cheatbot', 'username', Array, NULL)
#4 /home/botxdonl/public_html/vendor/codeigniter4/framework/system/Validation/Validation.php(151): CodeIgniter\Validation\Validation->processRules('username', 'username', 'cheatbot', Array, Array)
#5 /home/botxdonl/public_html/vendor/codeigniter4/framework/system/Controller.php(160): CodeIgniter\Validation\Validation->run()
#6 /home/botxdonl/public_html/app/Controllers/Auth.php(104): CodeIgniter\Controller->validate(Array)
#7 /home/botxdonl/public_html/app/Controllers/Auth.php(51): App\Controllers\Auth->login_action()
#8 /home/botxdonl/public_html/vendor/codeigniter4/framework/system/CodeIgniter.php(824): App\Controllers\Auth->login()
#9 /home/botxdonl/public_html/vendor/codeigniter4/framework/system/CodeIgniter.php(410): CodeIgniter\CodeIgniter->runController(Object(App\Controllers\Auth))
#10 /home/botxdonl/public_html/vendor/codeigniter4/framework/system/CodeIgniter.php(318): CodeIgniter\CodeIgniter->handleRequest(NULL, Object(Config\Cache), false)
#11 /home/botxdonl/public_html/index.php(37): CodeIgniter\CodeIgniter->run()
#12 {main}
ERROR - 2023-08-07 20:02:42 --> Error connecting to the database: Access denied for user '****'@'localhost' (using password: YES)
CRITICAL - 2023-08-07 20:02:42 --> Unable to connect to the database.
Main connection [MySQLi]: Access denied for user '****'@'localhost' (using password: YES)
#0 /home/botxdonl/public_html/vendor/codeigniter4/framework/system/Database/BaseConnection.php(577): CodeIgniter\Database\BaseConnection->initialize()
#1 /home/botxdonl/public_html/vendor/codeigniter4/framework/system/Database/BaseBuilder.php(1443): CodeIgniter\Database\BaseConnection->query('SELECT 1\nFROM `...', Array, false)
#2 /home/botxdonl/public_html/vendor/codeigniter4/framework/system/Validation/Rules.php(116): CodeIgniter\Database\BaseBuilder->get()
#3 /home/botxdonl/public_html/vendor/codeigniter4/framework/system/Validation/Validation.php(277): CodeIgniter\Validation\Rules->is_not_unique('Admin', 'username', Array, NULL)
#4 /home/botxdonl/public_html/vendor/codeigniter4/framework/system/Validation/Validation.php(151): CodeIgniter\Validation\Validation->processRules('username', 'username', 'Admin', Array, Array)
#5 /home/botxdonl/public_html/vendor/codeigniter4/framework/system/Controller.php(160): CodeIgniter\Validation\Validation->run()
#6 /home/botxdonl/public_html/app/Controllers/Auth.php(104): CodeIgniter\Controller->validate(Array)
#7 /home/botxdonl/public_html/app/Controllers/Auth.php(51): App\Controllers\Auth->login_action()
#8 /home/botxdonl/public_html/vendor/codeigniter4/framework/system/CodeIgniter.php(824): App\Controllers\Auth->login()
#9 /home/botxdonl/public_html/vendor/codeigniter4/framework/system/CodeIgniter.php(410): CodeIgniter\CodeIgniter->runController(Object(App\Controllers\Auth))
#10 /home/botxdonl/public_html/vendor/codeigniter4/framework/system/CodeIgniter.php(318): CodeIgniter\CodeIgniter->handleRequest(NULL, Object(Config\Cache), false)
#11 /home/botxdonl/public_html/index.php(37): CodeIgniter\CodeIgniter->run()
#12 {main}
ERROR - 2023-08-07 20:02:56 --> Error connecting to the database: Access denied for user '****'@'localhost' (using password: YES)
CRITICAL - 2023-08-07 20:02:56 --> Unable to connect to the database.
Main connection [MySQLi]: Access denied for user '****'@'localhost' (using password: YES)
#0 /home/botxdonl/public_html/vendor/codeigniter4/framework/system/Database/BaseConnection.php(577): CodeIgniter\Database\BaseConnection->initialize()
#1 /home/botxdonl/public_html/vendor/codeigniter4/framework/system/Database/BaseBuilder.php(1443): CodeIgniter\Database\BaseConnection->query('SELECT 1\nFROM `...', Array, false)
#2 /home/botxdonl/public_html/vendor/codeigniter4/framework/system/Validation/Rules.php(116): CodeIgniter\Database\BaseBuilder->get()
#3 /home/botxdonl/public_html/vendor/codeigniter4/framework/system/Validation/Validation.php(277): CodeIgniter\Validation\Rules->is_not_unique('Admin', 'username', Array, NULL)
#4 /home/botxdonl/public_html/vendor/codeigniter4/framework/system/Validation/Validation.php(151): CodeIgniter\Validation\Validation->processRules('username', 'username', 'Admin', Array, Array)
#5 /home/botxdonl/public_html/vendor/codeigniter4/framework/system/Controller.php(160): CodeIgniter\Validation\Validation->run()
#6 /home/botxdonl/public_html/app/Controllers/Auth.php(104): CodeIgniter\Controller->validate(Array)
#7 /home/botxdonl/public_html/app/Controllers/Auth.php(51): App\Controllers\Auth->login_action()
#8 /home/botxdonl/public_html/vendor/codeigniter4/framework/system/CodeIgniter.php(824): App\Controllers\Auth->login()
#9 /home/botxdonl/public_html/vendor/codeigniter4/framework/system/CodeIgniter.php(410): CodeIgniter\CodeIgniter->runController(Object(App\Controllers\Auth))
#10 /home/botxdonl/public_html/vendor/codeigniter4/framework/system/CodeIgniter.php(318): CodeIgniter\CodeIgniter->handleRequest(NULL, Object(Config\Cache), false)
#11 /home/botxdonl/public_html/index.php(37): CodeIgniter\CodeIgniter->run()
#12 {main}
ERROR - 2023-08-07 20:06:23 --> Error connecting to the database: Access denied for user '****'@'localhost' (using password: YES)
CRITICAL - 2023-08-07 20:06:23 --> Unable to connect to the database.
Main connection [MySQLi]: Access denied for user '****'@'localhost' (using password: YES)
#0 /home/botxdonl/public_html/vendor/codeigniter4/framework/system/Database/BaseConnection.php(577): CodeIgniter\Database\BaseConnection->initialize()
#1 /home/botxdonl/public_html/vendor/codeigniter4/framework/system/Database/BaseBuilder.php(1443): CodeIgniter\Database\BaseConnection->query('SELECT 1\nFROM `...', Array, false)
#2 /home/botxdonl/public_html/vendor/codeigniter4/framework/system/Validation/Rules.php(116): CodeIgniter\Database\BaseBuilder->get()
#3 /home/botxdonl/public_html/vendor/codeigniter4/framework/system/Validation/Validation.php(277): CodeIgniter\Validation\Rules->is_not_unique('Admin', 'username', Array, NULL)
#4 /home/botxdonl/public_html/vendor/codeigniter4/framework/system/Validation/Validation.php(151): CodeIgniter\Validation\Validation->processRules('username', 'username', 'Admin', Array, Array)
#5 /home/botxdonl/public_html/vendor/codeigniter4/framework/system/Controller.php(160): CodeIgniter\Validation\Validation->run()
#6 /home/botxdonl/public_html/app/Controllers/Auth.php(104): CodeIgniter\Controller->validate(Array)
#7 /home/botxdonl/public_html/app/Controllers/Auth.php(51): App\Controllers\Auth->login_action()
#8 /home/botxdonl/public_html/vendor/codeigniter4/framework/system/CodeIgniter.php(824): App\Controllers\Auth->login()
#9 /home/botxdonl/public_html/vendor/codeigniter4/framework/system/CodeIgniter.php(410): CodeIgniter\CodeIgniter->runController(Object(App\Controllers\Auth))
#10 /home/botxdonl/public_html/vendor/codeigniter4/framework/system/CodeIgniter.php(318): CodeIgniter\CodeIgniter->handleRequest(NULL, Object(Config\Cache), false)
#11 /home/botxdonl/public_html/index.php(37): CodeIgniter\CodeIgniter->run()
#12 {main}
ERROR - 2023-08-07 20:08:38 --> Error connecting to the database: Access denied for user '****'@'localhost' (using password: YES)
CRITICAL - 2023-08-07 20:08:38 --> Unable to connect to the database.
Main connection [MySQLi]: Access denied for user '****'@'localhost' (using password: YES)
#0 /home/botxdonl/public_html/vendor/codeigniter4/framework/system/Database/BaseConnection.php(577): CodeIgniter\Database\BaseConnection->initialize()
#1 /home/botxdonl/public_html/vendor/codeigniter4/framework/system/Database/BaseBuilder.php(1443): CodeIgniter\Database\BaseConnection->query('SELECT *\nFROM `...', Array, false)
#2 /home/botxdonl/public_html/vendor/codeigniter4/framework/system/Model.php(723): CodeIgniter\Database\BaseBuilder->get()
#3 /home/botxdonl/public_html/app/Models/KeysModel.php(26): CodeIgniter\Model->__call('get', Array)
#4 /home/botxdonl/public_html/app/Controllers/Connect.php(64): App\Models\KeysModel->getKeysGame(Array)
#5 /home/botxdonl/public_html/app/Controllers/Connect.php(21): App\Controllers\Connect->index_post()
#6 /home/botxdonl/public_html/vendor/codeigniter4/framework/system/CodeIgniter.php(824): App\Controllers\Connect->index()
#7 /home/botxdonl/public_html/vendor/codeigniter4/framework/system/CodeIgniter.php(410): CodeIgniter\CodeIgniter->runController(Object(App\Controllers\Connect))
#8 /home/botxdonl/public_html/vendor/codeigniter4/framework/system/CodeIgniter.php(318): CodeIgniter\CodeIgniter->handleRequest(NULL, Object(Config\Cache), false)
#9 /home/botxdonl/public_html/index.php(37): CodeIgniter\CodeIgniter->run()
#10 {main}
ERROR - 2023-08-07 20:08:40 --> Error connecting to the database: Access denied for user '****'@'localhost' (using password: YES)
CRITICAL - 2023-08-07 20:08:40 --> Unable to connect to the database.
Main connection [MySQLi]: Access denied for user '****'@'localhost' (using password: YES)
#0 /home/botxdonl/public_html/vendor/codeigniter4/framework/system/Database/BaseConnection.php(577): CodeIgniter\Database\BaseConnection->initialize()
#1 /home/botxdonl/public_html/vendor/codeigniter4/framework/system/Database/BaseBuilder.php(1443): CodeIgniter\Database\BaseConnection->query('SELECT *\nFROM `...', Array, false)
#2 /home/botxdonl/public_html/vendor/codeigniter4/framework/system/Model.php(723): CodeIgniter\Database\BaseBuilder->get()
#3 /home/botxdonl/public_html/app/Models/KeysModel.php(26): CodeIgniter\Model->__call('get', Array)
#4 /home/botxdonl/public_html/app/Controllers/Connect.php(64): App\Models\KeysModel->getKeysGame(Array)
#5 /home/botxdonl/public_html/app/Controllers/Connect.php(21): App\Controllers\Connect->index_post()
#6 /home/botxdonl/public_html/vendor/codeigniter4/framework/system/CodeIgniter.php(824): App\Controllers\Connect->index()
#7 /home/botxdonl/public_html/vendor/codeigniter4/framework/system/CodeIgniter.php(410): CodeIgniter\CodeIgniter->runController(Object(App\Controllers\Connect))
#8 /home/botxdonl/public_html/vendor/codeigniter4/framework/system/CodeIgniter.php(318): CodeIgniter\CodeIgniter->handleRequest(NULL, Object(Config\Cache), false)
#9 /home/botxdonl/public_html/index.php(37): CodeIgniter\CodeIgniter->run()
#10 {main}
ERROR - 2023-08-07 20:10:29 --> Error connecting to the database: Access denied for user '****'@'localhost' (using password: YES)
CRITICAL - 2023-08-07 20:10:29 --> Unable to connect to the database.
Main connection [MySQLi]: Access denied for user '****'@'localhost' (using password: YES)
#0 /home/botxdonl/public_html/vendor/codeigniter4/framework/system/Database/BaseConnection.php(577): CodeIgniter\Database\BaseConnection->initialize()
#1 /home/botxdonl/public_html/vendor/codeigniter4/framework/system/Database/BaseBuilder.php(1443): CodeIgniter\Database\BaseConnection->query('SELECT *\nFROM `...', Array, false)
#2 /home/botxdonl/public_html/vendor/codeigniter4/framework/system/Model.php(723): CodeIgniter\Database\BaseBuilder->get()
#3 /home/botxdonl/public_html/app/Models/KeysModel.php(26): CodeIgniter\Model->__call('get', Array)
#4 /home/botxdonl/public_html/app/Controllers/Connect.php(64): App\Models\KeysModel->getKeysGame(Array)
#5 /home/botxdonl/public_html/app/Controllers/Connect.php(21): App\Controllers\Connect->index_post()
#6 /home/botxdonl/public_html/vendor/codeigniter4/framework/system/CodeIgniter.php(824): App\Controllers\Connect->index()
#7 /home/botxdonl/public_html/vendor/codeigniter4/framework/system/CodeIgniter.php(410): CodeIgniter\CodeIgniter->runController(Object(App\Controllers\Connect))
#8 /home/botxdonl/public_html/vendor/codeigniter4/framework/system/CodeIgniter.php(318): CodeIgniter\CodeIgniter->handleRequest(NULL, Object(Config\Cache), false)
#9 /home/botxdonl/public_html/index.php(37): CodeIgniter\CodeIgniter->run()
#10 {main}
ERROR - 2023-08-07 20:11:01 --> Error connecting to the database: Access denied for user '****'@'localhost' (using password: YES)
CRITICAL - 2023-08-07 20:11:01 --> Unable to connect to the database.
Main connection [MySQLi]: Access denied for user '****'@'localhost' (using password: YES)
#0 /home/botxdonl/public_html/vendor/codeigniter4/framework/system/Database/BaseConnection.php(577): CodeIgniter\Database\BaseConnection->initialize()
#1 /home/botxdonl/public_html/vendor/codeigniter4/framework/system/Database/BaseBuilder.php(1443): CodeIgniter\Database\BaseConnection->query('SELECT 1\nFROM `...', Array, false)
#2 /home/botxdonl/public_html/vendor/codeigniter4/framework/system/Validation/Rules.php(116): CodeIgniter\Database\BaseBuilder->get()
#3 /home/botxdonl/public_html/vendor/codeigniter4/framework/system/Validation/Validation.php(277): CodeIgniter\Validation\Rules->is_not_unique('Admin', 'username', Array, NULL)
#4 /home/botxdonl/public_html/vendor/codeigniter4/framework/system/Validation/Validation.php(151): CodeIgniter\Validation\Validation->processRules('username', 'username', 'Admin', Array, Array)
#5 /home/botxdonl/public_html/vendor/codeigniter4/framework/system/Controller.php(160): CodeIgniter\Validation\Validation->run()
#6 /home/botxdonl/public_html/app/Controllers/Auth.php(104): CodeIgniter\Controller->validate(Array)
#7 /home/botxdonl/public_html/app/Controllers/Auth.php(51): App\Controllers\Auth->login_action()
#8 /home/botxdonl/public_html/vendor/codeigniter4/framework/system/CodeIgniter.php(824): App\Controllers\Auth->login()
#9 /home/botxdonl/public_html/vendor/codeigniter4/framework/system/CodeIgniter.php(410): CodeIgniter\CodeIgniter->runController(Object(App\Controllers\Auth))
#10 /home/botxdonl/public_html/vendor/codeigniter4/framework/system/CodeIgniter.php(318): CodeIgniter\CodeIgniter->handleRequest(NULL, Object(Config\Cache), false)
#11 /home/botxdonl/public_html/index.php(37): CodeIgniter\CodeIgniter->run()
#12 {main}
ERROR - 2023-08-07 20:14:59 --> Error connecting to the database: Access denied for user '****'@'localhost' (using password: YES)
CRITICAL - 2023-08-07 20:14:59 --> Unable to connect to the database.
Main connection [MySQLi]: Access denied for user '****'@'localhost' (using password: YES)
#0 /home/botxdonl/public_html/vendor/codeigniter4/framework/system/Database/BaseConnection.php(577): CodeIgniter\Database\BaseConnection->initialize()
#1 /home/botxdonl/public_html/vendor/codeigniter4/framework/system/Database/BaseBuilder.php(1443): CodeIgniter\Database\BaseConnection->query('SELECT 1\nFROM `...', Array, false)
#2 /home/botxdonl/public_html/vendor/codeigniter4/framework/system/Validation/Rules.php(116): CodeIgniter\Database\BaseBuilder->get()
#3 /home/botxdonl/public_html/vendor/codeigniter4/framework/system/Validation/Validation.php(277): CodeIgniter\Validation\Rules->is_not_unique('Admin', 'username', Array, NULL)
#4 /home/botxdonl/public_html/vendor/codeigniter4/framework/system/Validation/Validation.php(151): CodeIgniter\Validation\Validation->processRules('username', 'username', 'Admin', Array, Array)
#5 /home/botxdonl/public_html/vendor/codeigniter4/framework/system/Controller.php(160): CodeIgniter\Validation\Validation->run()
#6 /home/botxdonl/public_html/app/Controllers/Auth.php(104): CodeIgniter\Controller->validate(Array)
#7 /home/botxdonl/public_html/app/Controllers/Auth.php(51): App\Controllers\Auth->login_action()
#8 /home/botxdonl/public_html/vendor/codeigniter4/framework/system/CodeIgniter.php(824): App\Controllers\Auth->login()
#9 /home/botxdonl/public_html/vendor/codeigniter4/framework/system/CodeIgniter.php(410): CodeIgniter\CodeIgniter->runController(Object(App\Controllers\Auth))
#10 /home/botxdonl/public_html/vendor/codeigniter4/framework/system/CodeIgniter.php(318): CodeIgniter\CodeIgniter->handleRequest(NULL, Object(Config\Cache), false)
#11 /home/botxdonl/public_html/index.php(37): CodeIgniter\CodeIgniter->run()
#12 {main}
