CRITICAL - 2022-01-19 00:09:17 --> Namespace declaration statement has to be the very first statement or after any declare call in the script
#0 [internal function]: CodeIgniter\Debug\Exceptions->shutdownHandler()
#1 {main}
CRITICAL - 2022-01-19 00:12:07 --> Argument 2 passed to view() must be of the type array, null given, called in /storage/ssd5/674/18213674/public_html/app/Controllers/notifyc.php on line 28
#0 /storage/ssd5/674/18213674/public_html/app/Controllers/notifyc.php(28): view()
#1 /storage/ssd5/674/18213674/public_html/vendor/codeigniter4/framework/system/CodeIgniter.php(824): App\Controllers\notifyc->tata()
#2 /storage/ssd5/674/18213674/public_html/vendor/codeigniter4/framework/system/CodeIgniter.php(410): CodeIgniter\CodeIgniter->runController()
#3 /storage/ssd5/674/18213674/public_html/vendor/codeigniter4/framework/system/CodeIgniter.php(318): CodeIgniter\CodeIgniter->handleRequest()
#4 /storage/ssd5/674/18213674/public_html/index.php(37): CodeIgniter\CodeIgniter->run()
#5 {main}
CRITICAL - 2022-01-19 00:52:24 --> Cannot redeclare App\Controllers\notifyc::sendnotiy()
#0 [internal function]: CodeIgniter\Debug\Exceptions->shutdownHandler()
#1 {main}
CRITICAL - 2022-01-19 00:53:49 --> syntax error, unexpected '('
#0 /storage/ssd5/674/18213674/public_html/vendor/codeigniter4/framework/system/Autoloader/Autoloader.php(241): CodeIgniter\Autoloader\Autoloader->includeFile()
#1 /storage/ssd5/674/18213674/public_html/vendor/codeigniter4/framework/system/Autoloader/Autoloader.php(219): CodeIgniter\Autoloader\Autoloader->loadInNamespace()
#2 [internal function]: CodeIgniter\Autoloader\Autoloader->loadClass()
#3 [internal function]: spl_autoload_call()
#4 /storage/ssd5/674/18213674/public_html/vendor/codeigniter4/framework/system/CodeIgniter.php(789): class_exists()
#5 /storage/ssd5/674/18213674/public_html/vendor/codeigniter4/framework/system/CodeIgniter.php(397): CodeIgniter\CodeIgniter->startController()
#6 /storage/ssd5/674/18213674/public_html/vendor/codeigniter4/framework/system/CodeIgniter.php(318): CodeIgniter\CodeIgniter->handleRequest()
#7 /storage/ssd5/674/18213674/public_html/index.php(37): CodeIgniter\CodeIgniter->run()
#8 {main}
CRITICAL - 2022-01-19 00:54:05 --> syntax error, unexpected '('
#0 /storage/ssd5/674/18213674/public_html/vendor/codeigniter4/framework/system/Autoloader/Autoloader.php(241): CodeIgniter\Autoloader\Autoloader->includeFile()
#1 /storage/ssd5/674/18213674/public_html/vendor/codeigniter4/framework/system/Autoloader/Autoloader.php(219): CodeIgniter\Autoloader\Autoloader->loadInNamespace()
#2 [internal function]: CodeIgniter\Autoloader\Autoloader->loadClass()
#3 [internal function]: spl_autoload_call()
#4 /storage/ssd5/674/18213674/public_html/vendor/codeigniter4/framework/system/CodeIgniter.php(789): class_exists()
#5 /storage/ssd5/674/18213674/public_html/vendor/codeigniter4/framework/system/CodeIgniter.php(397): CodeIgniter\CodeIgniter->startController()
#6 /storage/ssd5/674/18213674/public_html/vendor/codeigniter4/framework/system/CodeIgniter.php(318): CodeIgniter\CodeIgniter->handleRequest()
#7 /storage/ssd5/674/18213674/public_html/index.php(37): CodeIgniter\CodeIgniter->run()
#8 {main}
CRITICAL - 2022-01-19 00:54:31 --> syntax error, unexpected '('
#0 /storage/ssd5/674/18213674/public_html/vendor/codeigniter4/framework/system/Autoloader/Autoloader.php(241): CodeIgniter\Autoloader\Autoloader->includeFile()
#1 /storage/ssd5/674/18213674/public_html/vendor/codeigniter4/framework/system/Autoloader/Autoloader.php(219): CodeIgniter\Autoloader\Autoloader->loadInNamespace()
#2 [internal function]: CodeIgniter\Autoloader\Autoloader->loadClass()
#3 [internal function]: spl_autoload_call()
#4 /storage/ssd5/674/18213674/public_html/vendor/codeigniter4/framework/system/CodeIgniter.php(789): class_exists()
#5 /storage/ssd5/674/18213674/public_html/vendor/codeigniter4/framework/system/CodeIgniter.php(397): CodeIgniter\CodeIgniter->startController()
#6 /storage/ssd5/674/18213674/public_html/vendor/codeigniter4/framework/system/CodeIgniter.php(318): CodeIgniter\CodeIgniter->handleRequest()
#7 /storage/ssd5/674/18213674/public_html/index.php(37): CodeIgniter\CodeIgniter->run()
#8 {main}
CRITICAL - 2022-01-19 01:49:00 --> syntax error, unexpected 'private' (T_PRIVATE)
#0 /storage/ssd5/674/18213674/public_html/vendor/codeigniter4/framework/system/Autoloader/Autoloader.php(241): CodeIgniter\Autoloader\Autoloader->includeFile()
#1 /storage/ssd5/674/18213674/public_html/vendor/codeigniter4/framework/system/Autoloader/Autoloader.php(219): CodeIgniter\Autoloader\Autoloader->loadInNamespace()
#2 [internal function]: CodeIgniter\Autoloader\Autoloader->loadClass()
#3 [internal function]: spl_autoload_call()
#4 /storage/ssd5/674/18213674/public_html/vendor/codeigniter4/framework/system/CodeIgniter.php(789): class_exists()
#5 /storage/ssd5/674/18213674/public_html/vendor/codeigniter4/framework/system/CodeIgniter.php(397): CodeIgniter\CodeIgniter->startController()
#6 /storage/ssd5/674/18213674/public_html/vendor/codeigniter4/framework/system/CodeIgniter.php(318): CodeIgniter\CodeIgniter->handleRequest()
#7 /storage/ssd5/674/18213674/public_html/index.php(37): CodeIgniter\CodeIgniter->run()
#8 {main}
CRITICAL - 2022-01-19 01:49:13 --> syntax error, unexpected 'private' (T_PRIVATE)
#0 /storage/ssd5/674/18213674/public_html/vendor/codeigniter4/framework/system/Autoloader/Autoloader.php(241): CodeIgniter\Autoloader\Autoloader->includeFile()
#1 /storage/ssd5/674/18213674/public_html/vendor/codeigniter4/framework/system/Autoloader/Autoloader.php(219): CodeIgniter\Autoloader\Autoloader->loadInNamespace()
#2 [internal function]: CodeIgniter\Autoloader\Autoloader->loadClass()
#3 [internal function]: spl_autoload_call()
#4 /storage/ssd5/674/18213674/public_html/vendor/codeigniter4/framework/system/CodeIgniter.php(789): class_exists()
#5 /storage/ssd5/674/18213674/public_html/vendor/codeigniter4/framework/system/CodeIgniter.php(397): CodeIgniter\CodeIgniter->startController()
#6 /storage/ssd5/674/18213674/public_html/vendor/codeigniter4/framework/system/CodeIgniter.php(318): CodeIgniter\CodeIgniter->handleRequest()
#7 /storage/ssd5/674/18213674/public_html/index.php(37): CodeIgniter\CodeIgniter->run()
#8 {main}
CRITICAL - 2022-01-19 01:51:43 --> syntax error, unexpected 'private' (T_PRIVATE)
#0 /storage/ssd5/674/18213674/public_html/vendor/codeigniter4/framework/system/Autoloader/Autoloader.php(241): CodeIgniter\Autoloader\Autoloader->includeFile()
#1 /storage/ssd5/674/18213674/public_html/vendor/codeigniter4/framework/system/Autoloader/Autoloader.php(219): CodeIgniter\Autoloader\Autoloader->loadInNamespace()
#2 [internal function]: CodeIgniter\Autoloader\Autoloader->loadClass()
#3 [internal function]: spl_autoload_call()
#4 /storage/ssd5/674/18213674/public_html/vendor/codeigniter4/framework/system/CodeIgniter.php(789): class_exists()
#5 /storage/ssd5/674/18213674/public_html/vendor/codeigniter4/framework/system/CodeIgniter.php(397): CodeIgniter\CodeIgniter->startController()
#6 /storage/ssd5/674/18213674/public_html/vendor/codeigniter4/framework/system/CodeIgniter.php(318): CodeIgniter\CodeIgniter->handleRequest()
#7 /storage/ssd5/674/18213674/public_html/index.php(37): CodeIgniter\CodeIgniter->run()
#8 {main}
CRITICAL - 2022-01-19 01:52:58 --> Call to a member function helper() on null
#0 /storage/ssd5/674/18213674/public_html/vendor/codeigniter4/framework/system/CodeIgniter.php(824): App\Controllers\Auth->sendnoty()
#1 /storage/ssd5/674/18213674/public_html/vendor/codeigniter4/framework/system/CodeIgniter.php(410): CodeIgniter\CodeIgniter->runController()
#2 /storage/ssd5/674/18213674/public_html/vendor/codeigniter4/framework/system/CodeIgniter.php(318): CodeIgniter\CodeIgniter->handleRequest()
#3 /storage/ssd5/674/18213674/public_html/index.php(37): CodeIgniter\CodeIgniter->run()
#4 {main}
CRITICAL - 2022-01-19 01:53:04 --> Call to a member function helper() on null
#0 /storage/ssd5/674/18213674/public_html/vendor/codeigniter4/framework/system/CodeIgniter.php(824): App\Controllers\Auth->sendnoty()
#1 /storage/ssd5/674/18213674/public_html/vendor/codeigniter4/framework/system/CodeIgniter.php(410): CodeIgniter\CodeIgniter->runController()
#2 /storage/ssd5/674/18213674/public_html/vendor/codeigniter4/framework/system/CodeIgniter.php(318): CodeIgniter\CodeIgniter->handleRequest()
#3 /storage/ssd5/674/18213674/public_html/index.php(37): CodeIgniter\CodeIgniter->run()
#4 {main}
CRITICAL - 2022-01-19 01:53:30 --> Call to a member function helper() on null
#0 /storage/ssd5/674/18213674/public_html/vendor/codeigniter4/framework/system/CodeIgniter.php(824): App\Controllers\Auth->sendnoty()
#1 /storage/ssd5/674/18213674/public_html/vendor/codeigniter4/framework/system/CodeIgniter.php(410): CodeIgniter\CodeIgniter->runController()
#2 /storage/ssd5/674/18213674/public_html/vendor/codeigniter4/framework/system/CodeIgniter.php(318): CodeIgniter\CodeIgniter->handleRequest()
#3 /storage/ssd5/674/18213674/public_html/index.php(37): CodeIgniter\CodeIgniter->run()
#4 {main}
CRITICAL - 2022-01-19 01:53:36 --> Call to a member function helper() on null
#0 /storage/ssd5/674/18213674/public_html/vendor/codeigniter4/framework/system/CodeIgniter.php(824): App\Controllers\Auth->sendnoty()
#1 /storage/ssd5/674/18213674/public_html/vendor/codeigniter4/framework/system/CodeIgniter.php(410): CodeIgniter\CodeIgniter->runController()
#2 /storage/ssd5/674/18213674/public_html/vendor/codeigniter4/framework/system/CodeIgniter.php(318): CodeIgniter\CodeIgniter->handleRequest()
#3 /storage/ssd5/674/18213674/public_html/index.php(37): CodeIgniter\CodeIgniter->run()
#4 {main}
CRITICAL - 2022-01-19 02:17:32 --> syntax error, unexpected 'public' (T_PUBLIC), expecting end of file
#0 /storage/ssd5/674/18213674/public_html/vendor/codeigniter4/framework/system/Autoloader/Autoloader.php(241): CodeIgniter\Autoloader\Autoloader->includeFile()
#1 /storage/ssd5/674/18213674/public_html/vendor/codeigniter4/framework/system/Autoloader/Autoloader.php(219): CodeIgniter\Autoloader\Autoloader->loadInNamespace()
#2 [internal function]: CodeIgniter\Autoloader\Autoloader->loadClass()
#3 [internal function]: spl_autoload_call()
#4 /storage/ssd5/674/18213674/public_html/vendor/codeigniter4/framework/system/CodeIgniter.php(789): class_exists()
#5 /storage/ssd5/674/18213674/public_html/vendor/codeigniter4/framework/system/CodeIgniter.php(397): CodeIgniter\CodeIgniter->startController()
#6 /storage/ssd5/674/18213674/public_html/vendor/codeigniter4/framework/system/CodeIgniter.php(318): CodeIgniter\CodeIgniter->handleRequest()
#7 /storage/ssd5/674/18213674/public_html/index.php(37): CodeIgniter\CodeIgniter->run()
#8 {main}
CRITICAL - 2022-01-19 02:18:05 --> syntax error, unexpected 'public' (T_PUBLIC), expecting end of file
#0 /storage/ssd5/674/18213674/public_html/vendor/codeigniter4/framework/system/Autoloader/Autoloader.php(241): CodeIgniter\Autoloader\Autoloader->includeFile()
#1 /storage/ssd5/674/18213674/public_html/vendor/codeigniter4/framework/system/Autoloader/Autoloader.php(219): CodeIgniter\Autoloader\Autoloader->loadInNamespace()
#2 [internal function]: CodeIgniter\Autoloader\Autoloader->loadClass()
#3 [internal function]: spl_autoload_call()
#4 /storage/ssd5/674/18213674/public_html/vendor/codeigniter4/framework/system/CodeIgniter.php(789): class_exists()
#5 /storage/ssd5/674/18213674/public_html/vendor/codeigniter4/framework/system/CodeIgniter.php(397): CodeIgniter\CodeIgniter->startController()
#6 /storage/ssd5/674/18213674/public_html/vendor/codeigniter4/framework/system/CodeIgniter.php(318): CodeIgniter\CodeIgniter->handleRequest()
#7 /storage/ssd5/674/18213674/public_html/index.php(37): CodeIgniter\CodeIgniter->run()
#8 {main}
CRITICAL - 2022-01-19 02:18:11 --> syntax error, unexpected 'public' (T_PUBLIC), expecting end of file
#0 /storage/ssd5/674/18213674/public_html/vendor/codeigniter4/framework/system/Autoloader/Autoloader.php(241): CodeIgniter\Autoloader\Autoloader->includeFile()
#1 /storage/ssd5/674/18213674/public_html/vendor/codeigniter4/framework/system/Autoloader/Autoloader.php(219): CodeIgniter\Autoloader\Autoloader->loadInNamespace()
#2 [internal function]: CodeIgniter\Autoloader\Autoloader->loadClass()
#3 [internal function]: spl_autoload_call()
#4 /storage/ssd5/674/18213674/public_html/vendor/codeigniter4/framework/system/CodeIgniter.php(789): class_exists()
#5 /storage/ssd5/674/18213674/public_html/vendor/codeigniter4/framework/system/CodeIgniter.php(397): CodeIgniter\CodeIgniter->startController()
#6 /storage/ssd5/674/18213674/public_html/vendor/codeigniter4/framework/system/CodeIgniter.php(318): CodeIgniter\CodeIgniter->handleRequest()
#7 /storage/ssd5/674/18213674/public_html/index.php(37): CodeIgniter\CodeIgniter->run()
#8 {main}
CRITICAL - 2022-01-19 02:18:47 --> syntax error, unexpected 'public' (T_PUBLIC), expecting end of file
#0 /storage/ssd5/674/18213674/public_html/vendor/codeigniter4/framework/system/Autoloader/Autoloader.php(241): CodeIgniter\Autoloader\Autoloader->includeFile()
#1 /storage/ssd5/674/18213674/public_html/vendor/codeigniter4/framework/system/Autoloader/Autoloader.php(219): CodeIgniter\Autoloader\Autoloader->loadInNamespace()
#2 [internal function]: CodeIgniter\Autoloader\Autoloader->loadClass()
#3 [internal function]: spl_autoload_call()
#4 /storage/ssd5/674/18213674/public_html/vendor/codeigniter4/framework/system/CodeIgniter.php(789): class_exists()
#5 /storage/ssd5/674/18213674/public_html/vendor/codeigniter4/framework/system/CodeIgniter.php(397): CodeIgniter\CodeIgniter->startController()
#6 /storage/ssd5/674/18213674/public_html/vendor/codeigniter4/framework/system/CodeIgniter.php(318): CodeIgniter\CodeIgniter->handleRequest()
#7 /storage/ssd5/674/18213674/public_html/index.php(37): CodeIgniter\CodeIgniter->run()
#8 {main}
CRITICAL - 2022-01-19 02:19:09 --> syntax error, unexpected 'public' (T_PUBLIC), expecting end of file
#0 /storage/ssd5/674/18213674/public_html/vendor/codeigniter4/framework/system/Autoloader/Autoloader.php(241): CodeIgniter\Autoloader\Autoloader->includeFile()
#1 /storage/ssd5/674/18213674/public_html/vendor/codeigniter4/framework/system/Autoloader/Autoloader.php(219): CodeIgniter\Autoloader\Autoloader->loadInNamespace()
#2 [internal function]: CodeIgniter\Autoloader\Autoloader->loadClass()
#3 [internal function]: spl_autoload_call()
#4 /storage/ssd5/674/18213674/public_html/vendor/codeigniter4/framework/system/CodeIgniter.php(789): class_exists()
#5 /storage/ssd5/674/18213674/public_html/vendor/codeigniter4/framework/system/CodeIgniter.php(397): CodeIgniter\CodeIgniter->startController()
#6 /storage/ssd5/674/18213674/public_html/vendor/codeigniter4/framework/system/CodeIgniter.php(318): CodeIgniter\CodeIgniter->handleRequest()
#7 /storage/ssd5/674/18213674/public_html/index.php(37): CodeIgniter\CodeIgniter->run()
#8 {main}
CRITICAL - 2022-01-19 02:19:46 --> syntax error, unexpected 'public' (T_PUBLIC), expecting end of file
#0 /storage/ssd5/674/18213674/public_html/vendor/codeigniter4/framework/system/Autoloader/Autoloader.php(241): CodeIgniter\Autoloader\Autoloader->includeFile()
#1 /storage/ssd5/674/18213674/public_html/vendor/codeigniter4/framework/system/Autoloader/Autoloader.php(219): CodeIgniter\Autoloader\Autoloader->loadInNamespace()
#2 [internal function]: CodeIgniter\Autoloader\Autoloader->loadClass()
#3 [internal function]: spl_autoload_call()
#4 /storage/ssd5/674/18213674/public_html/vendor/codeigniter4/framework/system/CodeIgniter.php(789): class_exists()
#5 /storage/ssd5/674/18213674/public_html/vendor/codeigniter4/framework/system/CodeIgniter.php(397): CodeIgniter\CodeIgniter->startController()
#6 /storage/ssd5/674/18213674/public_html/vendor/codeigniter4/framework/system/CodeIgniter.php(318): CodeIgniter\CodeIgniter->handleRequest()
#7 /storage/ssd5/674/18213674/public_html/index.php(37): CodeIgniter\CodeIgniter->run()
#8 {main}
