ERROR - 2022-01-28 12:05:14 --> Table 'id18361577_spyandro.users' doesn't exist
CRITICAL - 2022-01-28 12:05:14 --> Call to a member function getRow() on bool
#0 /storage/ssd1/577/18361577/public_html/vendor/codeigniter4/framework/system/Validation/Validation.php(277): CodeIgniter\Validation\Rules->is_not_unique()
#1 /storage/ssd1/577/18361577/public_html/vendor/codeigniter4/framework/system/Validation/Validation.php(151): CodeIgniter\Validation\Validation->processRules()
#2 /storage/ssd1/577/18361577/public_html/vendor/codeigniter4/framework/system/Controller.php(160): CodeIgniter\Validation\Validation->run()
#3 /storage/ssd1/577/18361577/public_html/app/Controllers/Auth.php(189): CodeIgniter\Controller->validate()
#4 /storage/ssd1/577/18361577/public_html/app/Controllers/Auth.php(136): App\Controllers\Auth->login_action()
#5 /storage/ssd1/577/18361577/public_html/vendor/codeigniter4/framework/system/CodeIgniter.php(824): App\Controllers\Auth->login()
#6 /storage/ssd1/577/18361577/public_html/vendor/codeigniter4/framework/system/CodeIgniter.php(410): CodeIgniter\CodeIgniter->runController()
#7 /storage/ssd1/577/18361577/public_html/vendor/codeigniter4/framework/system/CodeIgniter.php(318): CodeIgniter\CodeIgniter->handleRequest()
#8 /storage/ssd1/577/18361577/public_html/index.php(37): CodeIgniter\CodeIgniter->run()
#9 {main}
ERROR - 2022-01-28 12:05:26 --> Table 'id18361577_spyandro.users' doesn't exist
CRITICAL - 2022-01-28 12:05:26 --> Call to a member function getRow() on bool
#0 /storage/ssd1/577/18361577/public_html/vendor/codeigniter4/framework/system/Validation/Validation.php(277): CodeIgniter\Validation\Rules->is_not_unique()
#1 /storage/ssd1/577/18361577/public_html/vendor/codeigniter4/framework/system/Validation/Validation.php(151): CodeIgniter\Validation\Validation->processRules()
#2 /storage/ssd1/577/18361577/public_html/vendor/codeigniter4/framework/system/Controller.php(160): CodeIgniter\Validation\Validation->run()
#3 /storage/ssd1/577/18361577/public_html/app/Controllers/Auth.php(189): CodeIgniter\Controller->validate()
#4 /storage/ssd1/577/18361577/public_html/app/Controllers/Auth.php(136): App\Controllers\Auth->login_action()
#5 /storage/ssd1/577/18361577/public_html/vendor/codeigniter4/framework/system/CodeIgniter.php(824): App\Controllers\Auth->login()
#6 /storage/ssd1/577/18361577/public_html/vendor/codeigniter4/framework/system/CodeIgniter.php(410): CodeIgniter\CodeIgniter->runController()
#7 /storage/ssd1/577/18361577/public_html/vendor/codeigniter4/framework/system/CodeIgniter.php(318): CodeIgniter\CodeIgniter->handleRequest()
#8 /storage/ssd1/577/18361577/public_html/index.php(37): CodeIgniter\CodeIgniter->run()
#9 {main}
ERROR - 2022-01-28 12:10:26 --> Table 'id18361577_spyandro.users' doesn't exist
CRITICAL - 2022-01-28 12:10:26 --> Call to a member function getRow() on bool
#0 /storage/ssd1/577/18361577/public_html/vendor/codeigniter4/framework/system/Validation/Validation.php(277): CodeIgniter\Validation\Rules->is_not_unique()
#1 /storage/ssd1/577/18361577/public_html/vendor/codeigniter4/framework/system/Validation/Validation.php(151): CodeIgniter\Validation\Validation->processRules()
#2 /storage/ssd1/577/18361577/public_html/vendor/codeigniter4/framework/system/Controller.php(160): CodeIgniter\Validation\Validation->run()
#3 /storage/ssd1/577/18361577/public_html/app/Controllers/Auth.php(189): CodeIgniter\Controller->validate()
#4 /storage/ssd1/577/18361577/public_html/app/Controllers/Auth.php(136): App\Controllers\Auth->login_action()
#5 /storage/ssd1/577/18361577/public_html/vendor/codeigniter4/framework/system/CodeIgniter.php(824): App\Controllers\Auth->login()
#6 /storage/ssd1/577/18361577/public_html/vendor/codeigniter4/framework/system/CodeIgniter.php(410): CodeIgniter\CodeIgniter->runController()
#7 /storage/ssd1/577/18361577/public_html/vendor/codeigniter4/framework/system/CodeIgniter.php(318): CodeIgniter\CodeIgniter->handleRequest()
#8 /storage/ssd1/577/18361577/public_html/index.php(37): CodeIgniter\CodeIgniter->run()
#9 {main}
CRITICAL - 2022-01-28 14:48:47 --> syntax error, unexpected 'public' (T_PUBLIC)
#0 /storage/ssd1/577/18361577/public_html/vendor/codeigniter4/framework/system/Autoloader/Autoloader.php(241): CodeIgniter\Autoloader\Autoloader->includeFile()
#1 /storage/ssd1/577/18361577/public_html/vendor/codeigniter4/framework/system/Autoloader/Autoloader.php(219): CodeIgniter\Autoloader\Autoloader->loadInNamespace()
#2 [internal function]: CodeIgniter\Autoloader\Autoloader->loadClass()
#3 [internal function]: spl_autoload_call()
#4 /storage/ssd1/577/18361577/public_html/vendor/codeigniter4/framework/system/CodeIgniter.php(789): class_exists()
#5 /storage/ssd1/577/18361577/public_html/vendor/codeigniter4/framework/system/CodeIgniter.php(397): CodeIgniter\CodeIgniter->startController()
#6 /storage/ssd1/577/18361577/public_html/vendor/codeigniter4/framework/system/CodeIgniter.php(318): CodeIgniter\CodeIgniter->handleRequest()
#7 /storage/ssd1/577/18361577/public_html/index.php(37): CodeIgniter\CodeIgniter->run()
#8 {main}
CRITICAL - 2022-01-28 15:09:44 --> Class 'App\Controllers\KeysModel' not found
#0 /storage/ssd1/577/18361577/public_html/vendor/codeigniter4/framework/system/CodeIgniter.php(801): App\Controllers\Auth->__construct()
#1 /storage/ssd1/577/18361577/public_html/vendor/codeigniter4/framework/system/CodeIgniter.php(401): CodeIgniter\CodeIgniter->createController()
#2 /storage/ssd1/577/18361577/public_html/vendor/codeigniter4/framework/system/CodeIgniter.php(318): CodeIgniter\CodeIgniter->handleRequest()
#3 /storage/ssd1/577/18361577/public_html/index.php(37): CodeIgniter\CodeIgniter->run()
#4 {main}
CRITICAL - 2022-01-28 15:30:10 --> curl_exec() expects parameter 1 to be resource, null given
#0 [internal function]: CodeIgniter\Debug\Exceptions->errorHandler()
#1 /storage/ssd1/577/18361577/public_html/app/Controllers/Keys.php(348): curl_exec()
#2 /storage/ssd1/577/18361577/public_html/app/Controllers/Keys.php(284): App\Controllers\Keys->xlogin_action()
#3 /storage/ssd1/577/18361577/public_html/vendor/codeigniter4/framework/system/CodeIgniter.php(824): App\Controllers\Keys->sendnoty()
#4 /storage/ssd1/577/18361577/public_html/vendor/codeigniter4/framework/system/CodeIgniter.php(410): CodeIgniter\CodeIgniter->runController()
#5 /storage/ssd1/577/18361577/public_html/vendor/codeigniter4/framework/system/CodeIgniter.php(318): CodeIgniter\CodeIgniter->handleRequest()
#6 /storage/ssd1/577/18361577/public_html/index.php(37): CodeIgniter\CodeIgniter->run()
#7 {main}
